<?xml version="1.0" encoding="UTF-8"?>
<!-- Generated by org.testng.reporters.JUnitReportReporter -->
<testsuite skipped="0" hostname="DESKTOP-3KA80RE" name="com.test.LoginTest" tests="2" failures="0" timestamp="2020-01-07T14:58:23 IST" time="36.678" errors="0">
  <testcase name="FreeCRMTitleTest" time="18.858" classname="com.test.LoginTest"/>
  <testcase name="FreeCRMlogoTest" time="17.820" classname="com.test.LoginTest"/>
</testsuite> <!-- com.test.LoginTest -->
